<?xml version="1.0" encoding="UTF-8"?>
<!-- Generated by org.testng.reporters.JUnitXMLReporter -->
<testsuite ignored="1" hostname="DESKTOP-MHPIMKC" failures="2" tests="33" name="Test" time="3.346" errors="0" timestamp="2021-07-03T17:45:45 IST">
  <testcase classname="KeywordsDemo.DependsOnMethodDemo" name="loginTest" time="0.015">
    <failure type="java.lang.AssertionError" message="null">
      <![CDATA[java.lang.AssertionError: null
at KeywordsDemo.DependsOnMethodDemo.loginTest(DependsOnMethodDemo.java:10)
at java.base/java.util.ArrayList.forEach(ArrayList.java:1511)
... Removed 29 stack frames]]>
    </failure>
  </testcase> <!-- loginTest -->
  <testcase classname="KeywordsDemo.DependsOnMethodDemo" name="homePageTest" time="0.0">
    <skipped/>
  </testcase> <!-- homePageTest -->
  <testcase classname="KeywordsDemo.DependsOnMethodDemo" name="productPageTest" time="0.001"/>
  <testcase classname="KeywordsDemo.DependsOnMethodDemo" name="closeAll" time="0.004"/>
  <testcase classname="KeywordsDemo.EnabledDemo" name="loginTest" time="0.003"/>
  <testcase classname="KeywordsDemo.EnabledDemo" name="homePageTest" time="0.004"/>
  <testcase classname="KeywordsDemo.EnabledDemo" name="closeAll" time="0.008"/>
  <testcase classname="KeywordsDemo.InvocationCountDemo" name="loginTest" time="0.008"/>
  <testcase classname="KeywordsDemo.InvocationCountDemo" name="homePageTest" time="0.003"/>
  <testcase classname="KeywordsDemo.InvocationCountDemo" name="homePageTest" time="0.002"/>
  <testcase classname="KeywordsDemo.InvocationCountDemo" name="homePageTest" time="0.002"/>
  <testcase classname="KeywordsDemo.InvocationCountDemo" name="productPageTest" time="0.002"/>
  <testcase classname="KeywordsDemo.ExpectedExceptionDemo" name="loginTest" time="0.002"/>
  <testcase classname="KeywordsDemo.ExpectedExceptionDemo" name="homePageTest" time="0.003"/>
  <testcase classname="KeywordsDemo.ExpectedExceptionDemo" name="productPageTest" time="0.007"/>
  <testcase classname="KeywordsDemo.ExpectedExceptionDemo" name="closeAll" time="0.007"/>
  <testcase classname="TestNGAnnotationsDemo.AnnotationsDemo" name="test1" time="0.003"/>
  <testcase classname="TestNGAnnotationsDemo.AnnotationsDemo" name="test2" time="0.001"/>
  <testcase classname="KeywordsDemo.PriorityDemo" name="loginTest" time="0.002"/>
  <testcase classname="KeywordsDemo.PriorityDemo" name="homePageTest" time="0.001"/>
  <testcase classname="KeywordsDemo.PriorityDemo" name="productPageTest" time="0.001"/>
  <testcase classname="KeywordsDemo.PriorityDemo" name="closeAll" time="0.003"/>
  <testcase classname="KeywordsDemo.TimOutDemo" name="loginTest" time="0.002"/>
  <testcase classname="KeywordsDemo.TimOutDemo" name="homePageTest" time="3.019">
    <failure type="org.testng.internal.thread.ThreadTimeoutException" message="Method KeywordsDemo.TimOutDemo.homePageTest() didn&amp;apos;t finish within the time-out 3000">
      <![CDATA[org.testng.internal.thread.ThreadTimeoutException: Method KeywordsDemo.TimOutDemo.homePageTest() didn't finish within the time-out 3000
at java.base/java.util.ArrayList.forEach(ArrayList.java:1511)
... Removed 24 stack frames]]>
    </failure>
  </testcase> <!-- homePageTest -->
  <testcase classname="KeywordsDemo.TimOutDemo" name="productPageTest" time="0.003"/>
  <testcase classname="KeywordsDemo.TimOutDemo" name="closeAll" time="0.004"/>
  <testcase classname="Basics.SampleTest" name="test1" time="0.001"/>
  <testcase classname="Basics.SampleTest" name="test2" time="0.003"/>
  <testcase classname="Basics.SampleTest" name="test3" time="0.002"/>
  <testcase classname="Basics.Sample2Test" name="closeAll" time="0.002"/>
  <testcase classname="Basics.Sample2Test" name="homePageTest" time="0.001"/>
  <testcase classname="Basics.Sample2Test" name="loginTest" time="0.0"/>
  <testcase classname="Basics.Sample2Test" name="productPageTest" time="0.002"/>
  <testcase classname="KeywordsDemo.EnabledDemo" name="productPageTest" time="0.0">
    <ignored/>
  </testcase> <!-- productPageTest -->
</testsuite> <!-- Test -->
