<html>
<head>
<title>TestNG:  Test</title>
<link href="../testng.css" rel="stylesheet" type="text/css" />
<link href="../my-testng.css" rel="stylesheet" type="text/css" />

<style type="text/css">
.log { display: none;} 
.stack-trace { display: none;} 
</style>
<script type="text/javascript">
<!--
function flip(e) {
  current = e.style.display;
  if (current == 'block') {
    e.style.display = 'none';
    return 0;
  }
  else {
    e.style.display = 'block';
    return 1;
  }
}

function toggleBox(szDivId, elem, msg1, msg2)
{
  var res = -1;  if (document.getElementById) {
    res = flip(document.getElementById(szDivId));
  }
  else if (document.all) {
    // this is the way old msie versions work
    res = flip(document.all[szDivId]);
  }
  if(elem) {
    if(res == 0) elem.innerHTML = msg1; else elem.innerHTML = msg2;
  }

}

function toggleAllBoxes() {
  if (document.getElementsByTagName) {
    d = document.getElementsByTagName('div');
    for (i = 0; i < d.length; i++) {
      if (d[i].className == 'log') {
        flip(d[i]);
      }
    }
  }
}

// -->
</script>

</head>
<body>
<h2 align='center'>Test</h2><table border='1' align="center">
<tr>
<td>Tests passed/Failed/Skipped:</td><td>30/2/1</td>
</tr><tr>
<td>Started on:</td><td>Sat Jul 03 17:45:42 IST 2021</td>
</tr>
<tr><td>Total time:</td><td>3 seconds (3346 ms)</td>
</tr><tr>
<td>Included groups:</td><td></td>
</tr><tr>
<td>Excluded groups:</td><td></td>
</tr>
</table><p/>
<small><i>(Hover the method name to see the test class name)</i></small><p/>
<table width='100%' border='1' class='invocation-failed'>
<tr><td colspan='4' align='center'><b>FAILED TESTS</b></td></tr>
<tr><td><b>Test method</b></td>
<td width="30%"><b>Exception</b></td>
<td width="10%"><b>Time (seconds)</b></td>
<td><b>Instance</b></td>
</tr>
<tr>
<td title='KeywordsDemo.TimOutDemo.homePageTest()'><b>homePageTest</b><br>Test class: KeywordsDemo.TimOutDemo</td>
<td><div><pre>org.testng.internal.thread.ThreadTimeoutException: Method KeywordsDemo.TimOutDemo.homePageTest() didn&apos;t finish within the time-out 3000
	at java.base/java.util.ArrayList.forEach(ArrayList.java:1511)
... Removed 24 stack frames</pre></div><a href='#' onClick='toggleBox("stack-trace808228639", this, "Click to show all stack frames", "Click to hide stack frames")'>Click to show all stack frames</a>
<div class='stack-trace' id='stack-trace808228639'><pre>org.testng.internal.thread.ThreadTimeoutException: Method KeywordsDemo.TimOutDemo.homePageTest() didn&apos;t finish within the time-out 3000
	at org.testng.internal.MethodInvocationHelper.invokeWithTimeoutWithNewExecutor(MethodInvocationHelper.java:384)
	at org.testng.internal.MethodInvocationHelper.invokeWithTimeout(MethodInvocationHelper.java:283)
	at org.testng.internal.TestInvoker.invokeMethod(TestInvoker.java:604)
	at org.testng.internal.TestInvoker.invokeTestMethod(TestInvoker.java:173)
	at org.testng.internal.MethodRunner.runInSequence(MethodRunner.java:46)
	at org.testng.internal.TestInvoker$MethodInvocationAgent.invoke(TestInvoker.java:824)
	at org.testng.internal.TestInvoker.invokeTestMethods(TestInvoker.java:146)
	at org.testng.internal.TestMethodWorker.invokeTestMethods(TestMethodWorker.java:146)
	at org.testng.internal.TestMethodWorker.run(TestMethodWorker.java:128)
	at java.base/java.util.ArrayList.forEach(ArrayList.java:1511)
	at org.testng.TestRunner.privateRun(TestRunner.java:794)
	at org.testng.TestRunner.run(TestRunner.java:596)
	at org.testng.SuiteRunner.runTest(SuiteRunner.java:377)
	at org.testng.SuiteRunner.runSequentially(SuiteRunner.java:371)
	at org.testng.SuiteRunner.privateRun(SuiteRunner.java:332)
	at org.testng.SuiteRunner.run(SuiteRunner.java:276)
	at org.testng.SuiteRunnerWorker.runSuite(SuiteRunnerWorker.java:53)
	at org.testng.SuiteRunnerWorker.run(SuiteRunnerWorker.java:96)
	at org.testng.TestNG.runSuitesSequentially(TestNG.java:1212)
	at org.testng.TestNG.runSuitesLocally(TestNG.java:1134)
	at org.testng.TestNG.runSuites(TestNG.java:1063)
	at org.testng.TestNG.run(TestNG.java:1031)
	at org.testng.remote.AbstractRemoteTestNG.run(AbstractRemoteTestNG.java:115)
	at org.testng.remote.RemoteTestNG.initAndRun(RemoteTestNG.java:251)
	at org.testng.remote.RemoteTestNG.main(RemoteTestNG.java:77)
</pre></div></td>
<td>3</td>
<td>KeywordsDemo.TimOutDemo@3e84448c</td></tr>
<tr>
<td title='KeywordsDemo.DependsOnMethodDemo.loginTest()'><b>loginTest</b><br>Test class: KeywordsDemo.DependsOnMethodDemo</td>
<td><div><pre>java.lang.AssertionError: null
	at KeywordsDemo.DependsOnMethodDemo.loginTest(DependsOnMethodDemo.java:10)
	at java.base/java.util.ArrayList.forEach(ArrayList.java:1511)
... Removed 29 stack frames</pre></div><a href='#' onClick='toggleBox("stack-trace1617838096", this, "Click to show all stack frames", "Click to hide stack frames")'>Click to show all stack frames</a>
<div class='stack-trace' id='stack-trace1617838096'><pre>java.lang.AssertionError: null
	at org.testng.Assert.fail(Assert.java:99)
	at org.testng.Assert.fail(Assert.java:106)
	at KeywordsDemo.DependsOnMethodDemo.loginTest(DependsOnMethodDemo.java:10)
	at java.base/jdk.internal.reflect.NativeMethodAccessorImpl.invoke0(Native Method)
	at java.base/jdk.internal.reflect.NativeMethodAccessorImpl.invoke(NativeMethodAccessorImpl.java:64)
	at java.base/jdk.internal.reflect.DelegatingMethodAccessorImpl.invoke(DelegatingMethodAccessorImpl.java:43)
	at java.base/java.lang.reflect.Method.invoke(Method.java:564)
	at org.testng.internal.MethodInvocationHelper.invokeMethod(MethodInvocationHelper.java:133)
	at org.testng.internal.TestInvoker.invokeMethod(TestInvoker.java:598)
	at org.testng.internal.TestInvoker.invokeTestMethod(TestInvoker.java:173)
	at org.testng.internal.MethodRunner.runInSequence(MethodRunner.java:46)
	at org.testng.internal.TestInvoker$MethodInvocationAgent.invoke(TestInvoker.java:824)
	at org.testng.internal.TestInvoker.invokeTestMethods(TestInvoker.java:146)
	at org.testng.internal.TestMethodWorker.invokeTestMethods(TestMethodWorker.java:146)
	at org.testng.internal.TestMethodWorker.run(TestMethodWorker.java:128)
	at java.base/java.util.ArrayList.forEach(ArrayList.java:1511)
	at org.testng.TestRunner.privateRun(TestRunner.java:794)
	at org.testng.TestRunner.run(TestRunner.java:596)
	at org.testng.SuiteRunner.runTest(SuiteRunner.java:377)
	at org.testng.SuiteRunner.runSequentially(SuiteRunner.java:371)
	at org.testng.SuiteRunner.privateRun(SuiteRunner.java:332)
	at org.testng.SuiteRunner.run(SuiteRunner.java:276)
	at org.testng.SuiteRunnerWorker.runSuite(SuiteRunnerWorker.java:53)
	at org.testng.SuiteRunnerWorker.run(SuiteRunnerWorker.java:96)
	at org.testng.TestNG.runSuitesSequentially(TestNG.java:1212)
	at org.testng.TestNG.runSuitesLocally(TestNG.java:1134)
	at org.testng.TestNG.runSuites(TestNG.java:1063)
	at org.testng.TestNG.run(TestNG.java:1031)
	at org.testng.remote.AbstractRemoteTestNG.run(AbstractRemoteTestNG.java:115)
	at org.testng.remote.RemoteTestNG.initAndRun(RemoteTestNG.java:251)
	at org.testng.remote.RemoteTestNG.main(RemoteTestNG.java:77)
</pre></div></td>
<td>0</td>
<td>KeywordsDemo.DependsOnMethodDemo@c333c60</td></tr>
</table><p>
<table width='100%' border='1' class='invocation-passed'>
<tr><td colspan='4' align='center'><b>PASSED TESTS</b></td></tr>
<tr><td><b>Test method</b></td>
<td width="30%"><b>Exception</b></td>
<td width="10%"><b>Time (seconds)</b></td>
<td><b>Instance</b></td>
</tr>
<tr>
<td title='KeywordsDemo.TimOutDemo.loginTest()'><b>loginTest</b><br>Test class: KeywordsDemo.TimOutDemo</td>
<td></td>
<td>0</td>
<td>KeywordsDemo.TimOutDemo@3e84448c</td></tr>
<tr>
<td title='KeywordsDemo.EnabledDemo.closeAll()'><b>closeAll</b><br>Test class: KeywordsDemo.EnabledDemo</td>
<td></td>
<td>0</td>
<td>KeywordsDemo.EnabledDemo@34f5090e</td></tr>
<tr>
<td title='KeywordsDemo.ExpectedExceptionDemo.loginTest()'><b>loginTest</b><br>Test class: KeywordsDemo.ExpectedExceptionDemo</td>
<td></td>
<td>0</td>
<td>KeywordsDemo.ExpectedExceptionDemo@a2431d0</td></tr>
<tr>
<td title='KeywordsDemo.PriorityDemo.loginTest()'><b>loginTest</b><br>Test class: KeywordsDemo.PriorityDemo</td>
<td></td>
<td>0</td>
<td>KeywordsDemo.PriorityDemo@4d5b6aac</td></tr>
<tr>
<td title='KeywordsDemo.DependsOnMethodDemo.productPageTest()'><b>productPageTest</b><br>Test class: KeywordsDemo.DependsOnMethodDemo</td>
<td></td>
<td>0</td>
<td>KeywordsDemo.DependsOnMethodDemo@c333c60</td></tr>
<tr>
<td title='KeywordsDemo.TimOutDemo.closeAll()'><b>closeAll</b><br>Test class: KeywordsDemo.TimOutDemo</td>
<td></td>
<td>0</td>
<td>KeywordsDemo.TimOutDemo@3e84448c</td></tr>
<tr>
<td title='Basics.Sample2Test.closeAll()'><b>closeAll</b><br>Test class: Basics.Sample2Test</td>
<td></td>
<td>0</td>
<td>Basics.Sample2Test@429bffaa</td></tr>
<tr>
<td title='KeywordsDemo.ExpectedExceptionDemo.closeAll()'><b>closeAll</b><br>Test class: KeywordsDemo.ExpectedExceptionDemo</td>
<td></td>
<td>0</td>
<td>KeywordsDemo.ExpectedExceptionDemo@a2431d0</td></tr>
<tr>
<td title='Basics.Sample2Test.productPageTest()'><b>productPageTest</b><br>Test class: Basics.Sample2Test</td>
<td></td>
<td>0</td>
<td>Basics.Sample2Test@429bffaa</td></tr>
<tr>
<td title='KeywordsDemo.InvocationCountDemo.loginTest()'><b>loginTest</b><br>Test class: KeywordsDemo.InvocationCountDemo</td>
<td></td>
<td>0</td>
<td>KeywordsDemo.InvocationCountDemo@31e5415e</td></tr>
<tr>
<td title='KeywordsDemo.InvocationCountDemo.homePageTest()'><b>homePageTest</b><br>Test class: KeywordsDemo.InvocationCountDemo</td>
<td></td>
<td>0</td>
<td>KeywordsDemo.InvocationCountDemo@31e5415e</td></tr>
<tr>
<td title='KeywordsDemo.PriorityDemo.closeAll()'><b>closeAll</b><br>Test class: KeywordsDemo.PriorityDemo</td>
<td></td>
<td>0</td>
<td>KeywordsDemo.PriorityDemo@4d5b6aac</td></tr>
<tr>
<td title='Basics.Sample2Test.loginTest()'><b>loginTest</b><br>Test class: Basics.Sample2Test</td>
<td></td>
<td>0</td>
<td>Basics.Sample2Test@429bffaa</td></tr>
<tr>
<td title='KeywordsDemo.InvocationCountDemo.productPageTest()'><b>productPageTest</b><br>Test class: KeywordsDemo.InvocationCountDemo</td>
<td></td>
<td>0</td>
<td>KeywordsDemo.InvocationCountDemo@31e5415e</td></tr>
<tr>
<td title='KeywordsDemo.TimOutDemo.productPageTest()'><b>productPageTest</b><br>Test class: KeywordsDemo.TimOutDemo</td>
<td></td>
<td>0</td>
<td>KeywordsDemo.TimOutDemo@3e84448c</td></tr>
<tr>
<td title='Basics.SampleTest.test1()'><b>test1</b><br>Test class: Basics.SampleTest</td>
<td></td>
<td>0</td>
<td>Basics.SampleTest@4a7f959b</td></tr>
<tr>
<td title='Basics.SampleTest.test2()'><b>test2</b><br>Test class: Basics.SampleTest</td>
<td></td>
<td>0</td>
<td>Basics.SampleTest@4a7f959b</td></tr>
<tr>
<td title='KeywordsDemo.InvocationCountDemo.homePageTest()'><b>homePageTest</b><br>Test class: KeywordsDemo.InvocationCountDemo</td>
<td></td>
<td>0</td>
<td>KeywordsDemo.InvocationCountDemo@31e5415e</td></tr>
<tr>
<td title='KeywordsDemo.EnabledDemo.homePageTest()'><b>homePageTest</b><br>Test class: KeywordsDemo.EnabledDemo</td>
<td></td>
<td>0</td>
<td>KeywordsDemo.EnabledDemo@34f5090e</td></tr>
<tr>
<td title='TestNGAnnotationsDemo.AnnotationsDemo.test2()'><b>test2</b><br>Test class: TestNGAnnotationsDemo.AnnotationsDemo</td>
<td></td>
<td>0</td>
<td>TestNGAnnotationsDemo.AnnotationsDemo@10d307f1</td></tr>
<tr>
<td title='KeywordsDemo.DependsOnMethodDemo.closeAll()'><b>closeAll</b><br>Test class: KeywordsDemo.DependsOnMethodDemo</td>
<td></td>
<td>0</td>
<td>KeywordsDemo.DependsOnMethodDemo@c333c60</td></tr>
<tr>
<td title='TestNGAnnotationsDemo.AnnotationsDemo.test1()'><b>test1</b><br>Test class: TestNGAnnotationsDemo.AnnotationsDemo</td>
<td></td>
<td>0</td>
<td>TestNGAnnotationsDemo.AnnotationsDemo@10d307f1</td></tr>
<tr>
<td title='KeywordsDemo.ExpectedExceptionDemo.homePageTest()'><b>homePageTest</b><br>Test class: KeywordsDemo.ExpectedExceptionDemo</td>
<td><div><pre>java.lang.ArithmeticException: / by zero
	at KeywordsDemo.ExpectedExceptionDemo.homePageTest(ExpectedExceptionDemo.java:16)
	at java.base/java.util.ArrayList.forEach(ArrayList.java:1511)
... Removed 27 stack frames</pre></div><a href='#' onClick='toggleBox("stack-trace480903748", this, "Click to show all stack frames", "Click to hide stack frames")'>Click to show all stack frames</a>
<div class='stack-trace' id='stack-trace480903748'><pre>java.lang.ArithmeticException: / by zero
	at KeywordsDemo.ExpectedExceptionDemo.homePageTest(ExpectedExceptionDemo.java:16)
	at java.base/jdk.internal.reflect.NativeMethodAccessorImpl.invoke0(Native Method)
	at java.base/jdk.internal.reflect.NativeMethodAccessorImpl.invoke(NativeMethodAccessorImpl.java:64)
	at java.base/jdk.internal.reflect.DelegatingMethodAccessorImpl.invoke(DelegatingMethodAccessorImpl.java:43)
	at java.base/java.lang.reflect.Method.invoke(Method.java:564)
	at org.testng.internal.MethodInvocationHelper.invokeMethod(MethodInvocationHelper.java:133)
	at org.testng.internal.TestInvoker.invokeMethod(TestInvoker.java:598)
	at org.testng.internal.TestInvoker.invokeTestMethod(TestInvoker.java:173)
	at org.testng.internal.MethodRunner.runInSequence(MethodRunner.java:46)
	at org.testng.internal.TestInvoker$MethodInvocationAgent.invoke(TestInvoker.java:824)
	at org.testng.internal.TestInvoker.invokeTestMethods(TestInvoker.java:146)
	at org.testng.internal.TestMethodWorker.invokeTestMethods(TestMethodWorker.java:146)
	at org.testng.internal.TestMethodWorker.run(TestMethodWorker.java:128)
	at java.base/java.util.ArrayList.forEach(ArrayList.java:1511)
	at org.testng.TestRunner.privateRun(TestRunner.java:794)
	at org.testng.TestRunner.run(TestRunner.java:596)
	at org.testng.SuiteRunner.runTest(SuiteRunner.java:377)
	at org.testng.SuiteRunner.runSequentially(SuiteRunner.java:371)
	at org.testng.SuiteRunner.privateRun(SuiteRunner.java:332)
	at org.testng.SuiteRunner.run(SuiteRunner.java:276)
	at org.testng.SuiteRunnerWorker.runSuite(SuiteRunnerWorker.java:53)
	at org.testng.SuiteRunnerWorker.run(SuiteRunnerWorker.java:96)
	at org.testng.TestNG.runSuitesSequentially(TestNG.java:1212)
	at org.testng.TestNG.runSuitesLocally(TestNG.java:1134)
	at org.testng.TestNG.runSuites(TestNG.java:1063)
	at org.testng.TestNG.run(TestNG.java:1031)
	at org.testng.remote.AbstractRemoteTestNG.run(AbstractRemoteTestNG.java:115)
	at org.testng.remote.RemoteTestNG.initAndRun(RemoteTestNG.java:251)
	at org.testng.remote.RemoteTestNG.main(RemoteTestNG.java:77)
</pre></div></td>
<td>0</td>
<td>KeywordsDemo.ExpectedExceptionDemo@a2431d0</td></tr>
<tr>
<td title='Basics.Sample2Test.homePageTest()'><b>homePageTest</b><br>Test class: Basics.Sample2Test</td>
<td></td>
<td>0</td>
<td>Basics.Sample2Test@429bffaa</td></tr>
<tr>
<td title='KeywordsDemo.InvocationCountDemo.homePageTest()'><b>homePageTest</b><br>Test class: KeywordsDemo.InvocationCountDemo</td>
<td></td>
<td>0</td>
<td>KeywordsDemo.InvocationCountDemo@31e5415e</td></tr>
<tr>
<td title='Basics.SampleTest.test3()'><b>test3</b><br>Test class: Basics.SampleTest</td>
<td></td>
<td>0</td>
<td>Basics.SampleTest@4a7f959b</td></tr>
<tr>
<td title='KeywordsDemo.ExpectedExceptionDemo.productPageTest()'><b>productPageTest</b><br>Test class: KeywordsDemo.ExpectedExceptionDemo</td>
<td></td>
<td>0</td>
<td>KeywordsDemo.ExpectedExceptionDemo@a2431d0</td></tr>
<tr>
<td title='KeywordsDemo.PriorityDemo.productPageTest()'><b>productPageTest</b><br>Test class: KeywordsDemo.PriorityDemo</td>
<td></td>
<td>0</td>
<td>KeywordsDemo.PriorityDemo@4d5b6aac</td></tr>
<tr>
<td title='KeywordsDemo.EnabledDemo.loginTest()'><b>loginTest</b><br>Test class: KeywordsDemo.EnabledDemo</td>
<td></td>
<td>0</td>
<td>KeywordsDemo.EnabledDemo@34f5090e</td></tr>
<tr>
<td title='KeywordsDemo.PriorityDemo.homePageTest()'><b>homePageTest</b><br>Test class: KeywordsDemo.PriorityDemo</td>
<td></td>
<td>0</td>
<td>KeywordsDemo.PriorityDemo@4d5b6aac</td></tr>
</table><p>
<table width='100%' border='1' class='invocation-skipped'>
<tr><td colspan='4' align='center'><b>SKIPPED TESTS</b></td></tr>
<tr><td><b>Test method</b></td>
<td width="30%"><b>Exception</b></td>
<td width="10%"><b>Time (seconds)</b></td>
<td><b>Instance</b></td>
</tr>
<tr>
<td title='KeywordsDemo.DependsOnMethodDemo.homePageTest()'><b>homePageTest</b><br>Test class: KeywordsDemo.DependsOnMethodDemo</td>
<td><div><pre>java.lang.Throwable: Method DependsOnMethodDemo.homePageTest()[pri:2, instance:KeywordsDemo.DependsOnMethodDemo@c333c60] depends on not successfully finished methods
	at java.base/java.util.ArrayList.forEach(ArrayList.java:1511)
... Removed 18 stack frames</pre></div><a href='#' onClick='toggleBox("stack-trace384515747", this, "Click to show all stack frames", "Click to hide stack frames")'>Click to show all stack frames</a>
<div class='stack-trace' id='stack-trace384515747'><pre>java.lang.Throwable: Method DependsOnMethodDemo.homePageTest()[pri:2, instance:KeywordsDemo.DependsOnMethodDemo@c333c60] depends on not successfully finished methods
	at org.testng.internal.TestInvoker.invokeTestMethods(TestInvoker.java:102)
	at org.testng.internal.TestMethodWorker.invokeTestMethods(TestMethodWorker.java:146)
	at org.testng.internal.TestMethodWorker.run(TestMethodWorker.java:128)
	at java.base/java.util.ArrayList.forEach(ArrayList.java:1511)
	at org.testng.TestRunner.privateRun(TestRunner.java:794)
	at org.testng.TestRunner.run(TestRunner.java:596)
	at org.testng.SuiteRunner.runTest(SuiteRunner.java:377)
	at org.testng.SuiteRunner.runSequentially(SuiteRunner.java:371)
	at org.testng.SuiteRunner.privateRun(SuiteRunner.java:332)
	at org.testng.SuiteRunner.run(SuiteRunner.java:276)
	at org.testng.SuiteRunnerWorker.runSuite(SuiteRunnerWorker.java:53)
	at org.testng.SuiteRunnerWorker.run(SuiteRunnerWorker.java:96)
	at org.testng.TestNG.runSuitesSequentially(TestNG.java:1212)
	at org.testng.TestNG.runSuitesLocally(TestNG.java:1134)
	at org.testng.TestNG.runSuites(TestNG.java:1063)
	at org.testng.TestNG.run(TestNG.java:1031)
	at org.testng.remote.AbstractRemoteTestNG.run(AbstractRemoteTestNG.java:115)
	at org.testng.remote.RemoteTestNG.initAndRun(RemoteTestNG.java:251)
	at org.testng.remote.RemoteTestNG.main(RemoteTestNG.java:77)
</pre></div></td>
<td>0</td>
<td>KeywordsDemo.DependsOnMethodDemo@c333c60</td></tr>
</table><p>
</body>
</html>